# JRE version: Java(TM) SE Runtime Environment (8.0_25-b18) (build 1.8.0_25-b18)
# Java VM: Java HotSpot(TM) 64-Bit Server VM (25.25-b02 mixed mode windows-amd64 compressed oops)
Heap:
 PSYoungGen      total 73728K, used 12574K [0x00000000d6600000, 0x00000000dd400000, 0x0000000100000000)
  eden space 65024K, 5% used [0x00000000d6600000,0x00000000d69cdd60,0x00000000da580000)
  from space 8704K, 99% used [0x00000000da580000,0x00000000dadf9e90,0x00000000dae00000)
  to   space 11264K, 0% used [0x00000000dc900000,0x00000000dc900000,0x00000000dd400000)
 ParOldGen       total 66048K, used 12890K [0x0000000083200000, 0x0000000087280000, 0x00000000d6600000)
  object space 66048K, 19% used [0x0000000083200000,0x0000000083e96838,0x0000000087280000)
 Metaspace       used 23313K, capacity 23800K, committed 24064K, reserved 1071104K
  class space    used 2657K, capacity 2779K, committed 2816K, reserved 1048576K
GC Heap History (10 events):
Event: 7.238 GC heap before
{Heap before GC invocations=4 (full 0):
 PSYoungGen      total 37888K, used 37885K [0x00000000d6600000, 0x00000000d9000000, 0x0000000100000000)
  eden space 32768K, 100% used [0x00000000d6600000,0x00000000d8600000,0x00000000d8600000)
  from space 5120K, 99% used [0x00000000d8600000,0x00000000d8aff7f8,0x00000000d8b00000)
  to   space 5120K, 0% used [0x00000000d8b00000,0x00000000d8b00000,0x00000000d9000000)
 ParOldGen       total 86016K, used 2742K [0x0000000083200000, 0x0000000088600000, 0x00000000d6600000)
  object space 86016K, 3% used [0x0000000083200000,0x00000000834ad988,0x0000000088600000)
 Metaspace       used 15846K, capacity 16284K, committed 16384K, reserved 1062912K
  class space    used 1907K, capacity 2019K, committed 2048K, reserved 1048576K
Event: 7.267 GC heap after
Heap after GC invocations=4 (full 0):
 PSYoungGen      total 37888K, used 5088K [0x00000000d6600000, 0x00000000db000000, 0x0000000100000000)
  eden space 32768K, 0% used [0x00000000d6600000,0x00000000d6600000,0x00000000d8600000)
  from space 5120K, 99% used [0x00000000d8b00000,0x00000000d8ff8060,0x00000000d9000000)
  to   space 5120K, 0% used [0x00000000d8600000,0x00000000d8600000,0x00000000d8b00000)
 ParOldGen       total 86016K, used 4493K [0x0000000083200000, 0x0000000088600000, 0x00000000d6600000)
  object space 86016K, 5% used [0x0000000083200000,0x0000000083663618,0x0000000088600000)
 Metaspace       used 15846K, capacity 16284K, committed 16384K, reserved 1062912K
  class space    used 1907K, capacity 2019K, committed 2048K, reserved 1048576K
}
Event: 8.976 GC heap before
{Heap before GC invocations=5 (full 0):
 PSYoungGen      total 37888K, used 37856K [0x00000000d6600000, 0x00000000db000000, 0x0000000100000000)
  eden space 32768K, 100% used [0x00000000d6600000,0x00000000d8600000,0x00000000d8600000)
  from space 5120K, 99% used [0x00000000d8b00000,0x00000000d8ff8060,0x00000000d9000000)
  to   space 5120K, 0% used [0x00000000d8600000,0x00000000d8600000,0x00000000d8b00000)
 ParOldGen       total 86016K, used 4493K [0x0000000083200000, 0x0000000088600000, 0x00000000d6600000)
  object space 86016K, 5% used [0x0000000083200000,0x0000000083663618,0x0000000088600000)
 Metaspace       used 16401K, capacity 16852K, committed 17024K, reserved 1064960K
  class space    used 1937K, capacity 2059K, committed 2176K, reserved 1048576K
Event: 9.009 GC heap after
Heap after GC invocations=5 (full 0):
 PSYoungGen      total 37888K, used 5088K [0x00000000d6600000, 0x00000000db600000, 0x0000000100000000)
  eden space 32768K, 0% used [0x00000000d6600000,0x00000000d6600000,0x00000000d8600000)
  from space 5120K, 99% used [0x00000000d8600000,0x00000000d8af8020,0x00000000d8b00000)
  to   space 8192K, 0% used [0x00000000dae00000,0x00000000dae00000,0x00000000db600000)
 ParOldGen       total 86016K, used 6596K [0x0000000083200000, 0x0000000088600000, 0x00000000d6600000)
  object space 86016K, 7% used [0x0000000083200000,0x0000000083871198,0x0000000088600000)
 Metaspace       used 16401K, capacity 16852K, committed 17024K, reserved 1064960K
  class space    used 1937K, capacity 2059K, committed 2176K, reserved 1048576K
}
Event: 12.297 GC heap before
{Heap before GC invocations=6 (full 0):
 PSYoungGen      total 37888K, used 31265K [0x00000000d6600000, 0x00000000db600000, 0x0000000100000000)
  eden space 32768K, 79% used [0x00000000d6600000,0x00000000d7f90628,0x00000000d8600000)
  from space 5120K, 99% used [0x00000000d8600000,0x00000000d8af8020,0x00000000d8b00000)
  to   space 8192K, 0% used [0x00000000dae00000,0x00000000dae00000,0x00000000db600000)
 ParOldGen       total 86016K, used 6596K [0x0000000083200000, 0x0000000088600000, 0x00000000d6600000)
  object space 86016K, 7% used [0x0000000083200000,0x0000000083871198,0x0000000088600000)
 Metaspace       used 20704K, capacity 21176K, committed 21296K, reserved 1069056K
  class space    used 2493K, capacity 2651K, committed 2688K, reserved 1048576K
Event: 12.341 GC heap after
Heap after GC invocations=6 (full 0):
 PSYoungGen      total 73216K, used 7814K [0x00000000d6600000, 0x00000000db700000, 0x0000000100000000)
  eden space 65024K, 0% used [0x00000000d6600000,0x00000000d6600000,0x00000000da580000)
  from space 8192K, 95% used [0x00000000dae00000,0x00000000db5a1b00,0x00000000db600000)
  to   space 8704K, 0% used [0x00000000da580000,0x00000000da580000,0x00000000dae00000)
 ParOldGen       total 86016K, used 6604K [0x0000000083200000, 0x0000000088600000, 0x00000000d6600000)
  object space 86016K, 7% used [0x0000000083200000,0x0000000083873198,0x0000000088600000)
 Metaspace       used 20704K, capacity 21176K, committed 21296K, reserved 1069056K
  class space    used 2493K, capacity 2651K, committed 2688K, reserved 1048576K
}
Event: 12.341 GC heap before
{Heap before GC invocations=7 (full 1):
 PSYoungGen      total 73216K, used 7814K [0x00000000d6600000, 0x00000000db700000, 0x0000000100000000)
  eden space 65024K, 0% used [0x00000000d6600000,0x00000000d6600000,0x00000000da580000)
  from space 8192K, 95% used [0x00000000dae00000,0x00000000db5a1b00,0x00000000db600000)
  to   space 8704K, 0% used [0x00000000da580000,0x00000000da580000,0x00000000dae00000)
 ParOldGen       total 86016K, used 6604K [0x0000000083200000, 0x0000000088600000, 0x00000000d6600000)
  object space 86016K, 7% used [0x0000000083200000,0x0000000083873198,0x0000000088600000)
 Metaspace       used 20704K, capacity 21176K, committed 21296K, reserved 1069056K
  class space    used 2493K, capacity 2651K, committed 2688K, reserved 1048576K
Event: 12.572 GC heap after
Heap after GC invocations=7 (full 1):
 PSYoungGen      total 73216K, used 0K [0x00000000d6600000, 0x00000000db700000, 0x0000000100000000)
  eden space 65024K, 0% used [0x00000000d6600000,0x00000000d6600000,0x00000000da580000)
  from space 8192K, 0% used [0x00000000dae00000,0x00000000dae00000,0x00000000db600000)
  to   space 8704K, 0% used [0x00000000da580000,0x00000000da580000,0x00000000dae00000)
 ParOldGen       total 66048K, used 10038K [0x0000000083200000, 0x0000000087280000, 0x00000000d6600000)
  object space 66048K, 15% used [0x0000000083200000,0x0000000083bcd908,0x0000000087280000)
 Metaspace       used 20704K, capacity 21176K, committed 21296K, reserved 1069056K
  class space    used 2493K, capacity 2651K, committed 2688K, reserved 1048576K
}
Event: 19.289 GC heap before
{Heap before GC invocations=8 (full 1):
 PSYoungGen      total 73216K, used 65024K [0x00000000d6600000, 0x00000000db700000, 0x0000000100000000)
  eden space 65024K, 100% used [0x00000000d6600000,0x00000000da580000,0x00000000da580000)
  from space 8192K, 0% used [0x00000000dae00000,0x00000000dae00000,0x00000000db600000)
  to   space 8704K, 0% used [0x00000000da580000,0x00000000da580000,0x00000000dae00000)
 ParOldGen       total 66048K, used 10038K [0x0000000083200000, 0x0000000087280000, 0x00000000d6600000)
  object space 66048K, 15% used [0x0000000083200000,0x0000000083bcd908,0x0000000087280000)
 Metaspace       used 23272K, capacity 23736K, committed 23808K, reserved 1071104K
  class space    used 2657K, capacity 2779K, committed 2816K, reserved 1048576K
Event: 19.354 GC heap after
Heap after GC invocations=8 (full 1):
 PSYoungGen      total 73728K, used 8679K [0x00000000d6600000, 0x00000000dd400000, 0x0000000100000000)
  eden space 65024K, 0% used [0x00000000d6600000,0x00000000d6600000,0x00000000da580000)
  from space 8704K, 99% used [0x00000000da580000,0x00000000dadf9e90,0x00000000dae00000)
  to   space 11264K, 0% used [0x00000000dc900000,0x00000000dc900000,0x00000000dd400000)
 ParOldGen       total 66048K, used 12890K [0x0000000083200000, 0x0000000087280000, 0x00000000d6600000)
  object space 66048K, 19% used [0x0000000083200000,0x0000000083e96838,0x0000000087280000)
 Metaspace       used 23272K, capacity 23736K, committed 23808K, reserved 1071104K
  class space    used 2657K, capacity 2779K, committed 2816K, reserved 1048576K
}

